2023/10/05 18:56:03 [notice] 1#1: using the "epoll" event method
2023/10/05 18:56:03 [notice] 1#1: nginx/1.25.2
2023/10/05 18:56:03 [notice] 1#1: built by gcc 12.2.1 20220924 (Alpine 12.2.1_git20220924-r10) 
2023/10/05 18:56:03 [notice] 1#1: OS: Linux 5.15.49-linuxkit-pr
2023/10/05 18:56:03 [notice] 1#1: getrlimit(RLIMIT_NOFILE): 1048576:1048576
2023/10/05 18:56:03 [notice] 1#1: start worker processes
2023/10/05 18:56:03 [notice] 1#1: start worker process 29
2023/10/05 18:56:03 [notice] 1#1: start worker process 30
2023/10/05 18:56:03 [notice] 1#1: start worker process 31
2023/10/05 18:56:03 [notice] 1#1: start worker process 32
2023/10/05 18:56:28 [notice] 1#1: signal 3 (SIGQUIT) received, shutting down
2023/10/05 18:56:28 [notice] 30#30: gracefully shutting down
2023/10/05 18:56:28 [notice] 31#31: gracefully shutting down
2023/10/05 18:56:28 [notice] 31#31: exiting
2023/10/05 18:56:28 [notice] 32#32: gracefully shutting down
2023/10/05 18:56:28 [notice] 32#32: exiting
2023/10/05 18:56:28 [notice] 29#29: gracefully shutting down
2023/10/05 18:56:28 [notice] 30#30: exiting
2023/10/05 18:56:28 [notice] 30#30: exit
2023/10/05 18:56:28 [notice] 31#31: exit
2023/10/05 18:56:28 [notice] 32#32: exit
2023/10/05 18:56:28 [notice] 29#29: exiting
2023/10/05 18:56:28 [notice] 29#29: exit
2023/10/05 18:56:28 [notice] 1#1: signal 17 (SIGCHLD) received from 30
2023/10/05 18:56:28 [notice] 1#1: worker process 30 exited with code 0
2023/10/05 18:56:28 [notice] 1#1: worker process 31 exited with code 0
2023/10/05 18:56:28 [notice] 1#1: worker process 32 exited with code 0
2023/10/05 18:56:28 [notice] 1#1: signal 29 (SIGIO) received
2023/10/05 18:56:28 [notice] 1#1: signal 17 (SIGCHLD) received from 31
2023/10/05 18:56:28 [notice] 1#1: signal 17 (SIGCHLD) received from 29
2023/10/05 18:56:28 [notice] 1#1: worker process 29 exited with code 0
2023/10/05 18:56:28 [notice] 1#1: exit
2023/10/05 18:56:41 [notice] 1#1: using the "epoll" event method
2023/10/05 18:56:41 [notice] 1#1: nginx/1.25.2
2023/10/05 18:56:41 [notice] 1#1: built by gcc 12.2.1 20220924 (Alpine 12.2.1_git20220924-r10) 
2023/10/05 18:56:41 [notice] 1#1: OS: Linux 5.15.49-linuxkit-pr
2023/10/05 18:56:41 [notice] 1#1: getrlimit(RLIMIT_NOFILE): 1048576:1048576
2023/10/05 18:56:41 [notice] 1#1: start worker processes
2023/10/05 18:56:41 [notice] 1#1: start worker process 29
2023/10/05 18:56:41 [notice] 1#1: start worker process 30
2023/10/05 18:56:41 [notice] 1#1: start worker process 31
2023/10/05 18:56:41 [notice] 1#1: start worker process 32
